<?xml version="1.0" encoding="UTF-8"?>
<testng-results skipped="0" failed="1" total="3" passed="2">
  <reporter-output>
  </reporter-output>
  <suite name="Suite" duration-ms="53521" started-at="2022-06-24T06:53:29Z" finished-at="2022-06-24T06:54:22Z">
    <groups>
    </groups>
    <test name="validate titile" duration-ms="18985" started-at="2022-06-24T06:53:29Z" finished-at="2022-06-24T06:53:48Z">
      <class name="Building.framework.Validate_title">
        <test-method status="PASS" signature="initialize()[pri:0, instance:Building.framework.Validate_title@5ffead27]" name="initialize" is-config="true" duration-ms="17861" started-at="2022-06-24T12:23:29Z" finished-at="2022-06-24T12:23:46Z">
          <reporter-output>
          </reporter-output>
        </test-method> <!-- initialize -->
        <test-method status="FAIL" signature="basePageNavigation()[pri:0, instance:Building.framework.Validate_title@5ffead27]" name="basePageNavigation" duration-ms="432" started-at="2022-06-24T12:23:46Z" finished-at="2022-06-24T12:23:47Z">
          <exception class="java.lang.AssertionError">
            <message>
              <![CDATA[expected [FEATURED COURSES_123] but found [FEATURED COURSES]]]>
            </message>
            <full-stacktrace>
              <![CDATA[java.lang.AssertionError: expected [FEATURED COURSES_123] but found [FEATURED COURSES]
	at org.testng.Assert.fail(Assert.java:94)
	at org.testng.Assert.failNotEquals(Assert.java:513)
	at org.testng.Assert.assertEqualsImpl(Assert.java:135)
	at org.testng.Assert.assertEquals(Assert.java:116)
	at org.testng.Assert.assertEquals(Assert.java:190)
	at org.testng.Assert.assertEquals(Assert.java:200)
	at Building.framework.Validate_title.basePageNavigation(Validate_title.java:35)
	at sun.reflect.NativeMethodAccessorImpl.invoke0(Native Method)
	at sun.reflect.NativeMethodAccessorImpl.invoke(NativeMethodAccessorImpl.java:62)
	at sun.reflect.DelegatingMethodAccessorImpl.invoke(DelegatingMethodAccessorImpl.java:43)
	at java.lang.reflect.Method.invoke(Method.java:498)
	at org.testng.internal.MethodInvocationHelper.invokeMethod(MethodInvocationHelper.java:86)
	at org.testng.internal.Invoker.invokeMethod(Invoker.java:643)
	at org.testng.internal.Invoker.invokeTestMethod(Invoker.java:820)
	at org.testng.internal.Invoker.invokeTestMethods(Invoker.java:1128)
	at org.testng.internal.TestMethodWorker.invokeTestMethods(TestMethodWorker.java:129)
	at org.testng.internal.TestMethodWorker.run(TestMethodWorker.java:112)
	at org.testng.TestRunner.privateRun(TestRunner.java:782)
	at org.testng.TestRunner.run(TestRunner.java:632)
	at org.testng.SuiteRunner.runTest(SuiteRunner.java:366)
	at org.testng.SuiteRunner.access$000(SuiteRunner.java:39)
	at org.testng.SuiteRunner$SuiteWorker.run(SuiteRunner.java:400)
	at org.testng.internal.thread.ThreadUtil$2.call(ThreadUtil.java:64)
	at java.util.concurrent.FutureTask.run(FutureTask.java:266)
	at java.util.concurrent.ThreadPoolExecutor.runWorker(ThreadPoolExecutor.java:1149)
	at java.util.concurrent.ThreadPoolExecutor$Worker.run(ThreadPoolExecutor.java:624)
	at java.lang.Thread.run(Thread.java:748)
]]>
            </full-stacktrace>
          </exception> <!-- java.lang.AssertionError -->
          <reporter-output>
          </reporter-output>
        </test-method> <!-- basePageNavigation -->
        <test-method status="PASS" signature="close()[pri:0, instance:Building.framework.Validate_title@5ffead27]" name="close" is-config="true" duration-ms="671" started-at="2022-06-24T12:23:47Z" finished-at="2022-06-24T12:23:48Z">
          <reporter-output>
          </reporter-output>
        </test-method> <!-- close -->
      </class> <!-- Building.framework.Validate_title -->
    </test> <!-- validate titile -->
    <test name="validating homepage" duration-ms="53521" started-at="2022-06-24T06:53:29Z" finished-at="2022-06-24T06:54:22Z">
      <class name="Building.framework.Homepage">
        <test-method status="PASS" signature="initialize()[pri:0, instance:Building.framework.Homepage@5158b42f]" name="initialize" is-config="true" duration-ms="3316" started-at="2022-06-24T12:23:29Z" finished-at="2022-06-24T12:23:32Z">
          <reporter-output>
          </reporter-output>
        </test-method> <!-- initialize -->
        <test-method status="PASS" signature="basePageNavigation(java.lang.String, java.lang.String, java.lang.String)[pri:0, instance:Building.framework.Homepage@5158b42f]" name="basePageNavigation" duration-ms="19726" started-at="2022-06-24T12:23:32Z" data-provider="getData" finished-at="2022-06-24T12:23:52Z">
          <params>
            <param index="0">
              <value>
                <![CDATA[nonrestricteruser@qw.com]]>
              </value>
            </param>
            <param index="1">
              <value>
                <![CDATA[12345]]>
              </value>
            </param>
            <param index="2">
              <value>
                <![CDATA[Restricted user]]>
              </value>
            </param>
          </params>
          <reporter-output>
          </reporter-output>
        </test-method> <!-- basePageNavigation -->
        <test-method status="PASS" signature="basePageNavigation(java.lang.String, java.lang.String, java.lang.String)[pri:0, instance:Building.framework.Homepage@5158b42f]" name="basePageNavigation" duration-ms="30294" started-at="2022-06-24T12:23:52Z" data-provider="getData" finished-at="2022-06-24T12:24:22Z">
          <params>
            <param index="0">
              <value>
                <![CDATA[restricteruser@qw.com]]>
              </value>
            </param>
            <param index="1">
              <value>
                <![CDATA[46677]]>
              </value>
            </param>
            <param index="2">
              <value>
                <![CDATA[NonRestricteruser]]>
              </value>
            </param>
          </params>
          <reporter-output>
          </reporter-output>
        </test-method> <!-- basePageNavigation -->
        <test-method status="PASS" signature="close()[pri:0, instance:Building.framework.Homepage@5158b42f]" name="close" is-config="true" duration-ms="132" started-at="2022-06-24T12:24:22Z" finished-at="2022-06-24T12:24:22Z">
          <reporter-output>
          </reporter-output>
        </test-method> <!-- close -->
      </class> <!-- Building.framework.Homepage -->
    </test> <!-- validating homepage -->
  </suite> <!-- Suite -->
</testng-results>
